{
  "RSpec": {
    "coverage": {
      "/Users/dbella1/Programming/Ruby/is_a_square/lib/point.rb": [
        1,
        1,
        null,
        1,
        51,
        51,
        null,
        null
      ],
      "/Users/dbella1/Programming/Ruby/is_a_square/lib/distance.rb": [
        1,
        1,
        1,
        null,
        20,
        null,
        null,
        null
      ],
      "/Users/dbella1/Programming/Ruby/is_a_square/spec/features/is_a_square_spec.rb": [
        1,
        1,
        null,
        1,
        null,
        1,
        1,
        1,
        2,
        null,
        1,
        1,
        null,
        null,
        null,
        1,
        2,
        null,
        1,
        1,
        null,
        null,
        null,
        null,
        1,
        1,
        1,
        2,
        null,
        1,
        1,
        null,
        null,
        null,
        1,
        2,
        null,
        1,
        1,
        null,
        null,
        null,
        null,
        1,
        1,
        2,
        null,
        1,
        1,
        null,
        null,
        null,
        1,
        2,
        null,
        1,
        1,
        null,
        null,
        null,
        null,
        1,
        1,
        2,
        null,
        1,
        1,
        null,
        null,
        null,
        1,
        2,
        null,
        1,
        1,
        null,
        null,
        null,
        null,
        null
      ],
      "/Users/dbella1/Programming/Ruby/is_a_square/lib/shape.rb": [
        1,
        null,
        1,
        1,
        null,
        1,
        13,
        null,
        null,
        1,
        1,
        10,
        null,
        10,
        40,
        40,
        null,
        40,
        null,
        null,
        10,
        null,
        null,
        null
      ],
      "/Users/dbella1/Programming/Ruby/is_a_square/lib/is_a_square.rb": [
        1,
        null,
        1,
        1,
        1,
        2,
        null,
        null,
        1,
        1,
        7,
        null,
        null,
        1,
        4,
        null,
        4,
        8,
        2,
        null,
        null,
        null,
        2,
        null,
        null,
        1,
        3,
        null,
        3,
        3,
        null,
        3,
        null,
        null,
        null
      ],
      "/Users/dbella1/Programming/Ruby/is_a_square/spec/features/point_spec.rb": [
        1,
        null,
        1,
        null,
        1,
        1,
        1,
        1,
        null,
        1,
        null,
        null,
        null,
        1,
        3,
        3,
        3,
        null,
        1,
        1,
        1,
        null,
        null,
        null,
        1,
        1,
        1,
        null,
        null,
        null,
        null
      ],
      "/Users/dbella1/Programming/Ruby/is_a_square/spec/features/shape_spec.rb": [
        1,
        1,
        null,
        1,
        null,
        1,
        1,
        2,
        null,
        1,
        null,
        1,
        null,
        1,
        null,
        null,
        null,
        1,
        1,
        1,
        null,
        1,
        null,
        null,
        1,
        1,
        null,
        1,
        null,
        null,
        1,
        1,
        null,
        1,
        null,
        null,
        null,
        1,
        2,
        2,
        2,
        2,
        null,
        2,
        2,
        null,
        1,
        1,
        1,
        null,
        null,
        null
      ]
    },
    "timestamp": 1407115818
  }
}
